<?xml version="1.0" encoding="UTF-8"?>
<coverage generated="1701277427460" clover="3.2.0">
  <project timestamp="1701277427460" name="All files">
    <metrics statements="54" coveredstatements="19" conditionals="2" coveredconditionals="1" methods="20" coveredmethods="5" elements="76" coveredelements="25" complexity="0" loc="54" ncloc="54" packages="8" files="9" classes="9"/>
    <package name="src">
      <metrics statements="16" coveredstatements="0" conditionals="0" coveredconditionals="0" methods="4" coveredmethods="0"/>
      <file name="App.jsx" path="/Users/carlosgonzalez/Documents/Laboratoria/lorena/DEV010-movie-challenge-fw-Lo/movie/src/App.jsx">
        <metrics statements="15" coveredstatements="0" conditionals="0" coveredconditionals="0" methods="4" coveredmethods="0"/>
        <line num="7" count="0" type="stmt"/>
        <line num="8" count="0" type="stmt"/>
        <line num="9" count="0" type="stmt"/>
        <line num="11" count="0" type="stmt"/>
        <line num="12" count="0" type="stmt"/>
        <line num="13" count="0" type="stmt"/>
        <line num="14" count="0" type="stmt"/>
        <line num="15" count="0" type="stmt"/>
        <line num="18" count="0" type="stmt"/>
        <line num="19" count="0" type="stmt"/>
        <line num="21" count="0" type="stmt"/>
        <line num="25" count="0" type="stmt"/>
        <line num="28" count="0" type="stmt"/>
        <line num="29" count="0" type="stmt"/>
        <line num="32" count="0" type="stmt"/>
      </file>
      <file name="main.jsx" path="/Users/carlosgonzalez/Documents/Laboratoria/lorena/DEV010-movie-challenge-fw-Lo/movie/src/main.jsx">
        <metrics statements="1" coveredstatements="0" conditionals="0" coveredconditionals="0" methods="0" coveredmethods="0"/>
        <line num="6" count="0" type="stmt"/>
      </file>
    </package>
    <package name="src.components.MovieCard">
      <metrics statements="3" coveredstatements="2" conditionals="0" coveredconditionals="0" methods="1" coveredmethods="0"/>
      <file name="MovieCard.jsx" path="/Users/carlosgonzalez/Documents/Laboratoria/lorena/DEV010-movie-challenge-fw-Lo/movie/src/components/MovieCard/MovieCard.jsx">
        <metrics statements="3" coveredstatements="2" conditionals="0" coveredconditionals="0" methods="1" coveredmethods="0"/>
        <line num="5" count="1" type="stmt"/>
        <line num="6" count="0" type="stmt"/>
        <line num="15" count="1" type="stmt"/>
      </file>
    </package>
    <package name="src.components.MovieDetails">
      <metrics statements="2" coveredstatements="0" conditionals="0" coveredconditionals="0" methods="1" coveredmethods="0"/>
      <file name="MovieDetails.jsx" path="/Users/carlosgonzalez/Documents/Laboratoria/lorena/DEV010-movie-challenge-fw-Lo/movie/src/components/MovieDetails/MovieDetails.jsx">
        <metrics statements="2" coveredstatements="0" conditionals="0" coveredconditionals="0" methods="1" coveredmethods="0"/>
        <line num="3" count="0" type="stmt"/>
        <line num="4" count="0" type="stmt"/>
      </file>
    </package>
    <package name="src.components.MovieGrid">
      <metrics statements="4" coveredstatements="3" conditionals="0" coveredconditionals="0" methods="2" coveredmethods="1"/>
      <file name="MovieGrid.jsx" path="/Users/carlosgonzalez/Documents/Laboratoria/lorena/DEV010-movie-challenge-fw-Lo/movie/src/components/MovieGrid/MovieGrid.jsx">
        <metrics statements="4" coveredstatements="3" conditionals="0" coveredconditionals="0" methods="2" coveredmethods="1"/>
        <line num="6" count="1" type="stmt"/>
        <line num="7" count="2" type="stmt"/>
        <line num="10" count="0" type="stmt"/>
        <line num="16" count="1" type="stmt"/>
      </file>
    </package>
    <package name="src.components.MovieList">
      <metrics statements="12" coveredstatements="12" conditionals="2" coveredconditionals="1" methods="3" coveredmethods="3"/>
      <file name="MovieList.jsx" path="/Users/carlosgonzalez/Documents/Laboratoria/lorena/DEV010-movie-challenge-fw-Lo/movie/src/components/MovieList/MovieList.jsx">
        <metrics statements="12" coveredstatements="12" conditionals="2" coveredconditionals="1" methods="3" coveredmethods="3"/>
        <line num="5" count="1" type="stmt"/>
        <line num="6" count="2" type="stmt"/>
        <line num="8" count="2" type="stmt"/>
        <line num="9" count="1" type="stmt"/>
        <line num="10" count="1" type="stmt"/>
        <line num="11" count="1" type="stmt"/>
        <line num="12" count="1" type="stmt"/>
        <line num="15" count="1" type="cond" truecount="1" falsecount="1"/>
        <line num="17" count="1" type="stmt"/>
        <line num="18" count="1" type="stmt"/>
        <line num="22" count="1" type="stmt"/>
        <line num="25" count="2" type="stmt"/>
      </file>
    </package>
    <package name="src.components.MoviePages">
      <metrics statements="12" coveredstatements="0" conditionals="0" coveredconditionals="0" methods="7" coveredmethods="0"/>
      <file name="Pagination.jsx" path="/Users/carlosgonzalez/Documents/Laboratoria/lorena/DEV010-movie-challenge-fw-Lo/movie/src/components/MoviePages/Pagination.jsx">
        <metrics statements="12" coveredstatements="0" conditionals="0" coveredconditionals="0" methods="7" coveredmethods="0"/>
        <line num="5" count="0" type="stmt"/>
        <line num="6" count="0" type="stmt"/>
        <line num="7" count="0" type="stmt"/>
        <line num="8" count="0" type="stmt"/>
        <line num="9" count="0" type="stmt"/>
        <line num="10" count="0" type="stmt"/>
        <line num="12" count="0" type="stmt"/>
        <line num="14" count="0" type="stmt"/>
        <line num="17" count="0" type="stmt"/>
        <line num="22" count="0" type="stmt"/>
        <line num="27" count="0" type="stmt"/>
        <line num="34" count="0" type="stmt"/>
      </file>
    </package>
    <package name="src.components.MovieSearch">
      <metrics statements="3" coveredstatements="0" conditionals="0" coveredconditionals="0" methods="1" coveredmethods="0"/>
      <file name="MovieSearch.jsx" path="/Users/carlosgonzalez/Documents/Laboratoria/lorena/DEV010-movie-challenge-fw-Lo/movie/src/components/MovieSearch/MovieSearch.jsx">
        <metrics statements="3" coveredstatements="0" conditionals="0" coveredconditionals="0" methods="1" coveredmethods="0"/>
        <line num="4" count="0" type="stmt"/>
        <line num="5" count="0" type="stmt"/>
        <line num="9" count="0" type="stmt"/>
      </file>
    </package>
    <package name="src.utils">
      <metrics statements="2" coveredstatements="2" conditionals="0" coveredconditionals="0" methods="1" coveredmethods="1"/>
      <file name="testUtils.js" path="/Users/carlosgonzalez/Documents/Laboratoria/lorena/DEV010-movie-challenge-fw-Lo/movie/src/utils/testUtils.js">
        <metrics statements="2" coveredstatements="2" conditionals="0" coveredconditionals="0" methods="1" coveredmethods="1"/>
        <line num="3" count="1" type="stmt"/>
        <line num="4" count="1" type="stmt"/>
      </file>
    </package>
  </project>
</coverage>
