{"C:\\Users\\LOREN\\Moviechallenge\\DEV010-movie-challenge-fw-Lo\\movie\\src\\App.jsx": {"path":"C:\\Users\\LOREN\\Moviechallenge\\DEV010-movie-challenge-fw-Lo\\movie\\src\\App.jsx","statementMap":{"0":{"start":{"line":9,"column":30},"end":{"line":9,"column":42}},"1":{"start":{"line":10,"column":40},"end":{"line":10,"column":51}},"2":{"start":{"line":11,"column":38},"end":{"line":11,"column":49}},"3":{"start":{"line":13,"column":27},"end":{"line":15,"column":3}},"4":{"start":{"line":14,"column":4},"end":{"line":14,"column":25}},"5":{"start":{"line":17,"column":2},"end":{"line":33,"column":20}},"6":{"start":{"line":18,"column":22},"end":{"line":30,"column":5}},"7":{"start":{"line":19,"column":6},"end":{"line":29,"column":7}},"8":{"start":{"line":21,"column":24},"end":{"line":21,"column":26}},"9":{"start":{"line":22,"column":21},"end":{"line":22,"column":84}},"10":{"start":{"line":24,"column":8},"end":{"line":24,"column":24}},"11":{"start":{"line":26,"column":8},"end":{"line":26,"column":73}},"12":{"start":{"line":28,"column":8},"end":{"line":28,"column":55}},"13":{"start":{"line":32,"column":4},"end":{"line":32,"column":16}},"14":{"start":{"line":35,"column":2},"end":{"line":42,"column":4}}},"fnMap":{"0":{"name":"App","decl":{"start":{"line":8,"column":9},"end":{"line":8,"column":12}},"loc":{"start":{"line":8,"column":15},"end":{"line":43,"column":1}},"line":8},"1":{"name":"(anonymous_1)","decl":{"start":{"line":13,"column":27},"end":{"line":13,"column":28}},"loc":{"start":{"line":13,"column":37},"end":{"line":15,"column":3}},"line":13},"2":{"name":"(anonymous_2)","decl":{"start":{"line":17,"column":12},"end":{"line":17,"column":13}},"loc":{"start":{"line":17,"column":18},"end":{"line":33,"column":3}},"line":17},"3":{"name":"(anonymous_3)","decl":{"start":{"line":18,"column":22},"end":{"line":18,"column":23}},"loc":{"start":{"line":18,"column":34},"end":{"line":30,"column":5}},"line":18}},"branchMap":{"0":{"loc":{"start":{"line":26,"column":22},"end":{"line":26,"column":71}},"type":"cond-expr","locations":[{"start":{"line":26,"column":40},"end":{"line":26,"column":67}},{"start":{"line":26,"column":70},"end":{"line":26,"column":71}}],"line":26}},"s":{"0":0,"1":0,"2":0,"3":0,"4":0,"5":0,"6":0,"7":0,"8":0,"9":0,"10":0,"11":0,"12":0,"13":0,"14":0},"f":{"0":0,"1":0,"2":0,"3":0},"b":{"0":[0,0]}}
,"C:\\Users\\LOREN\\Moviechallenge\\DEV010-movie-challenge-fw-Lo\\movie\\src\\main.jsx": {"path":"C:\\Users\\LOREN\\Moviechallenge\\DEV010-movie-challenge-fw-Lo\\movie\\src\\main.jsx","statementMap":{"0":{"start":{"line":6,"column":0},"end":{"line":10,"column":1}}},"fnMap":{},"branchMap":{},"s":{"0":0},"f":{},"b":{}}
,"C:\\Users\\LOREN\\Moviechallenge\\DEV010-movie-challenge-fw-Lo\\movie\\src\\components\\MovieCard\\MovieCard.jsx": {"path":"C:\\Users\\LOREN\\Moviechallenge\\DEV010-movie-challenge-fw-Lo\\movie\\src\\components\\MovieCard\\MovieCard.jsx","statementMap":{"0":{"start":{"line":5,"column":18},"end":{"line":15,"column":1}},"1":{"start":{"line":6,"column":2},"end":{"line":14,"column":4}},"2":{"start":{"line":17,"column":0},"end":{"line":24,"column":2}}},"fnMap":{"0":{"name":"(anonymous_0)","decl":{"start":{"line":5,"column":18},"end":{"line":5,"column":19}},"loc":{"start":{"line":5,"column":33},"end":{"line":15,"column":1}},"line":5}},"branchMap":{"0":{"loc":{"start":{"line":8,"column":7},"end":{"line":10,"column":7}},"type":"binary-expr","locations":[{"start":{"line":8,"column":7},"end":{"line":8,"column":24}},{"start":{"line":9,"column":8},"end":{"line":9,"column":93}}],"line":8}},"s":{"0":1,"1":0,"2":1},"f":{"0":0},"b":{"0":[0,0]},"_coverageSchema":"1a1c01bbd47fc00a2c39e90264f33305004495a9","hash":"c5096ad995125ac23acedeb93e85304dc3c6d80d"}
,"C:\\Users\\LOREN\\Moviechallenge\\DEV010-movie-challenge-fw-Lo\\movie\\src\\components\\MovieDetails\\MovieDetails.jsx": {"path":"C:\\Users\\LOREN\\Moviechallenge\\DEV010-movie-challenge-fw-Lo\\movie\\src\\components\\MovieDetails\\MovieDetails.jsx","statementMap":{"0":{"start":{"line":3,"column":21},"end":{"line":11,"column":1}},"1":{"start":{"line":4,"column":2},"end":{"line":10,"column":4}}},"fnMap":{"0":{"name":"(anonymous_0)","decl":{"start":{"line":3,"column":21},"end":{"line":3,"column":22}},"loc":{"start":{"line":3,"column":36},"end":{"line":11,"column":1}},"line":3}},"branchMap":{},"s":{"0":0,"1":0},"f":{"0":0},"b":{}}
,"C:\\Users\\LOREN\\Moviechallenge\\DEV010-movie-challenge-fw-Lo\\movie\\src\\components\\MovieGrid\\MovieGrid.jsx": {"path":"C:\\Users\\LOREN\\Moviechallenge\\DEV010-movie-challenge-fw-Lo\\movie\\src\\components\\MovieGrid\\MovieGrid.jsx","statementMap":{"0":{"start":{"line":6,"column":18},"end":{"line":14,"column":1}},"1":{"start":{"line":7,"column":2},"end":{"line":13,"column":4}},"2":{"start":{"line":10,"column":8},"end":{"line":10,"column":50}},"3":{"start":{"line":16,"column":0},"end":{"line":25,"column":2}}},"fnMap":{"0":{"name":"(anonymous_0)","decl":{"start":{"line":6,"column":18},"end":{"line":6,"column":19}},"loc":{"start":{"line":6,"column":34},"end":{"line":14,"column":1}},"line":6},"1":{"name":"(anonymous_1)","decl":{"start":{"line":9,"column":18},"end":{"line":9,"column":19}},"loc":{"start":{"line":10,"column":8},"end":{"line":10,"column":50}},"line":10}},"branchMap":{},"s":{"0":1,"1":2,"2":0,"3":1},"f":{"0":2,"1":0},"b":{},"_coverageSchema":"1a1c01bbd47fc00a2c39e90264f33305004495a9","hash":"5426d9032e6ef52dd33fb91d934ae5f22316d0ba"}
,"C:\\Users\\LOREN\\Moviechallenge\\DEV010-movie-challenge-fw-Lo\\movie\\src\\components\\MovieList\\MovieList.jsx": {"path":"C:\\Users\\LOREN\\Moviechallenge\\DEV010-movie-challenge-fw-Lo\\movie\\src\\components\\MovieList\\MovieList.jsx","statementMap":{"0":{"start":{"line":5,"column":18},"end":{"line":32,"column":1}},"1":{"start":{"line":6,"column":30},"end":{"line":6,"column":42}},"2":{"start":{"line":8,"column":2},"end":{"line":25,"column":9}},"3":{"start":{"line":9,"column":24},"end":{"line":22,"column":5}},"4":{"start":{"line":10,"column":6},"end":{"line":21,"column":7}},"5":{"start":{"line":11,"column":24},"end":{"line":13,"column":9}},"6":{"start":{"line":15,"column":27},"end":{"line":15,"column":70}},"7":{"start":{"line":16,"column":8},"end":{"line":16,"column":44}},"8":{"start":{"line":19,"column":8},"end":{"line":19,"column":55}},"9":{"start":{"line":20,"column":8},"end":{"line":20,"column":22}},"10":{"start":{"line":24,"column":4},"end":{"line":24,"column":18}},"11":{"start":{"line":27,"column":2},"end":{"line":31,"column":4}}},"fnMap":{"0":{"name":"(anonymous_0)","decl":{"start":{"line":5,"column":18},"end":{"line":5,"column":19}},"loc":{"start":{"line":5,"column":24},"end":{"line":32,"column":1}},"line":5},"1":{"name":"(anonymous_1)","decl":{"start":{"line":8,"column":12},"end":{"line":8,"column":13}},"loc":{"start":{"line":8,"column":18},"end":{"line":25,"column":3}},"line":8},"2":{"name":"(anonymous_2)","decl":{"start":{"line":9,"column":24},"end":{"line":9,"column":25}},"loc":{"start":{"line":9,"column":36},"end":{"line":22,"column":5}},"line":9}},"branchMap":{"0":{"loc":{"start":{"line":16,"column":18},"end":{"line":16,"column":42}},"type":"binary-expr","locations":[{"start":{"line":16,"column":18},"end":{"line":16,"column":36}},{"start":{"line":16,"column":40},"end":{"line":16,"column":42}}],"line":16}},"s":{"0":1,"1":2,"2":2,"3":1,"4":1,"5":1,"6":1,"7":0,"8":1,"9":1,"10":1,"11":2},"f":{"0":2,"1":1,"2":1},"b":{"0":[0,0]},"_coverageSchema":"1a1c01bbd47fc00a2c39e90264f33305004495a9","hash":"459308e6938fdd57f47066e4d6c20e11d38a9ec8"}
,"C:\\Users\\LOREN\\Moviechallenge\\DEV010-movie-challenge-fw-Lo\\movie\\src\\components\\MoviePages\\Pagination.jsx": {"path":"C:\\Users\\LOREN\\Moviechallenge\\DEV010-movie-challenge-fw-Lo\\movie\\src\\components\\MoviePages\\Pagination.jsx","statementMap":{"0":{"start":{"line":5,"column":19},"end":{"line":32,"column":1}},"1":{"start":{"line":6,"column":26},"end":{"line":6,"column":28}},"2":{"start":{"line":7,"column":27},"end":{"line":7,"column":58}},"3":{"start":{"line":8,"column":20},"end":{"line":8,"column":63}},"4":{"start":{"line":9,"column":18},"end":{"line":9,"column":71}},"5":{"start":{"line":10,"column":22},"end":{"line":10,"column":102}},"6":{"start":{"line":10,"column":84},"end":{"line":10,"column":101}},"7":{"start":{"line":12,"column":2},"end":{"line":31,"column":4}},"8":{"start":{"line":14,"column":29},"end":{"line":14,"column":44}},"9":{"start":{"line":17,"column":29},"end":{"line":17,"column":58}},"10":{"start":{"line":22,"column":8},"end":{"line":24,"column":17}},"11":{"start":{"line":22,"column":44},"end":{"line":22,"column":64}},"12":{"start":{"line":27,"column":29},"end":{"line":27,"column":58}},"13":{"start":{"line":34,"column":0},"end":{"line":38,"column":2}}},"fnMap":{"0":{"name":"(anonymous_0)","decl":{"start":{"line":5,"column":19},"end":{"line":5,"column":20}},"loc":{"start":{"line":5,"column":66},"end":{"line":32,"column":1}},"line":5},"1":{"name":"(anonymous_1)","decl":{"start":{"line":10,"column":70},"end":{"line":10,"column":71}},"loc":{"start":{"line":10,"column":84},"end":{"line":10,"column":101}},"line":10},"2":{"name":"(anonymous_2)","decl":{"start":{"line":14,"column":23},"end":{"line":14,"column":24}},"loc":{"start":{"line":14,"column":29},"end":{"line":14,"column":44}},"line":14},"3":{"name":"(anonymous_3)","decl":{"start":{"line":17,"column":23},"end":{"line":17,"column":24}},"loc":{"start":{"line":17,"column":29},"end":{"line":17,"column":58}},"line":17},"4":{"name":"(anonymous_4)","decl":{"start":{"line":21,"column":23},"end":{"line":21,"column":24}},"loc":{"start":{"line":22,"column":8},"end":{"line":24,"column":17}},"line":22},"5":{"name":"(anonymous_5)","decl":{"start":{"line":22,"column":38},"end":{"line":22,"column":39}},"loc":{"start":{"line":22,"column":44},"end":{"line":22,"column":64}},"line":22},"6":{"name":"(anonymous_6)","decl":{"start":{"line":27,"column":23},"end":{"line":27,"column":24}},"loc":{"start":{"line":27,"column":29},"end":{"line":27,"column":58}},"line":27}},"branchMap":{},"s":{"0":0,"1":0,"2":0,"3":0,"4":0,"5":0,"6":0,"7":0,"8":0,"9":0,"10":0,"11":0,"12":0,"13":0},"f":{"0":0,"1":0,"2":0,"3":0,"4":0,"5":0,"6":0},"b":{}}
,"C:\\Users\\LOREN\\Moviechallenge\\DEV010-movie-challenge-fw-Lo\\movie\\src\\components\\MovieSearch\\MovieSearch.jsx": {"path":"C:\\Users\\LOREN\\Moviechallenge\\DEV010-movie-challenge-fw-Lo\\movie\\src\\components\\MovieSearch\\MovieSearch.jsx","statementMap":{"0":{"start":{"line":6,"column":20},"end":{"line":89,"column":1}},"1":{"start":{"line":7,"column":44},"end":{"line":7,"column":56}},"2":{"start":{"line":8,"column":42},"end":{"line":8,"column":69}},"3":{"start":{"line":9,"column":30},"end":{"line":9,"column":42}},"4":{"start":{"line":10,"column":30},"end":{"line":10,"column":42}},"5":{"start":{"line":12,"column":2},"end":{"line":30,"column":21}},"6":{"start":{"line":13,"column":22},"end":{"line":27,"column":5}},"7":{"start":{"line":14,"column":6},"end":{"line":26,"column":7}},"8":{"start":{"line":15,"column":29},"end":{"line":15,"column":65}},"9":{"start":{"line":16,"column":26},"end":{"line":16,"column":69}},"10":{"start":{"line":17,"column":8},"end":{"line":17,"column":29}},"11":{"start":{"line":19,"column":8},"end":{"line":23,"column":9}},"12":{"start":{"line":20,"column":10},"end":{"line":20,"column":55}},"13":{"start":{"line":21,"column":29},"end":{"line":21,"column":101}},"14":{"start":{"line":22,"column":10},"end":{"line":22,"column":32}},"15":{"start":{"line":25,"column":8},"end":{"line":25,"column":53}},"16":{"start":{"line":29,"column":4},"end":{"line":29,"column":16}},"17":{"start":{"line":32,"column":28},"end":{"line":40,"column":3}},"18":{"start":{"line":33,"column":4},"end":{"line":39,"column":5}},"19":{"start":{"line":34,"column":25},"end":{"line":34,"column":89}},"20":{"start":{"line":35,"column":6},"end":{"line":35,"column":28}},"21":{"start":{"line":36,"column":6},"end":{"line":36,"column":32}},"22":{"start":{"line":38,"column":6},"end":{"line":38,"column":53}},"23":{"start":{"line":42,"column":27},"end":{"line":50,"column":3}},"24":{"start":{"line":43,"column":4},"end":{"line":49,"column":5}},"25":{"start":{"line":44,"column":25},"end":{"line":44,"column":93}},"26":{"start":{"line":45,"column":6},"end":{"line":45,"column":28}},"27":{"start":{"line":46,"column":6},"end":{"line":46,"column":34}},"28":{"start":{"line":48,"column":6},"end":{"line":48,"column":53}},"29":{"start":{"line":52,"column":29},"end":{"line":60,"column":3}},"30":{"start":{"line":53,"column":4},"end":{"line":59,"column":5}},"31":{"start":{"line":54,"column":25},"end":{"line":54,"column":84}},"32":{"start":{"line":55,"column":6},"end":{"line":55,"column":28}},"33":{"start":{"line":56,"column":6},"end":{"line":56,"column":27}},"34":{"start":{"line":58,"column":6},"end":{"line":58,"column":53}},"35":{"start":{"line":62,"column":2},"end":{"line":88,"column":4}},"36":{"start":{"line":65,"column":53},"end":{"line":65,"column":86}},"37":{"start":{"line":67,"column":10},"end":{"line":69,"column":19}},"38":{"start":{"line":74,"column":52},"end":{"line":74,"column":84}}},"fnMap":{"0":{"name":"(anonymous_0)","decl":{"start":{"line":6,"column":20},"end":{"line":6,"column":21}},"loc":{"start":{"line":6,"column":26},"end":{"line":89,"column":1}},"line":6},"1":{"name":"(anonymous_1)","decl":{"start":{"line":12,"column":12},"end":{"line":12,"column":13}},"loc":{"start":{"line":12,"column":18},"end":{"line":30,"column":3}},"line":12},"2":{"name":"(anonymous_2)","decl":{"start":{"line":13,"column":22},"end":{"line":13,"column":23}},"loc":{"start":{"line":13,"column":34},"end":{"line":27,"column":5}},"line":13},"3":{"name":"(anonymous_3)","decl":{"start":{"line":32,"column":28},"end":{"line":32,"column":29}},"loc":{"start":{"line":32,"column":47},"end":{"line":40,"column":3}},"line":32},"4":{"name":"(anonymous_4)","decl":{"start":{"line":42,"column":27},"end":{"line":42,"column":28}},"loc":{"start":{"line":42,"column":49},"end":{"line":50,"column":3}},"line":42},"5":{"name":"(anonymous_5)","decl":{"start":{"line":52,"column":29},"end":{"line":52,"column":30}},"loc":{"start":{"line":52,"column":41},"end":{"line":60,"column":3}},"line":52},"6":{"name":"(anonymous_6)","decl":{"start":{"line":65,"column":46},"end":{"line":65,"column":47}},"loc":{"start":{"line":65,"column":53},"end":{"line":65,"column":86}},"line":65},"7":{"name":"(anonymous_7)","decl":{"start":{"line":66,"column":20},"end":{"line":66,"column":21}},"loc":{"start":{"line":67,"column":10},"end":{"line":69,"column":19}},"line":67},"8":{"name":"(anonymous_8)","decl":{"start":{"line":74,"column":45},"end":{"line":74,"column":46}},"loc":{"start":{"line":74,"column":52},"end":{"line":74,"column":84}},"line":74}},"branchMap":{"0":{"loc":{"start":{"line":19,"column":8},"end":{"line":23,"column":9}},"type":"if","locations":[{"start":{"line":19,"column":8},"end":{"line":23,"column":9}},{"start":{},"end":{}}],"line":19}},"s":{"0":0,"1":0,"2":0,"3":0,"4":0,"5":0,"6":0,"7":0,"8":0,"9":0,"10":0,"11":0,"12":0,"13":0,"14":0,"15":0,"16":0,"17":0,"18":0,"19":0,"20":0,"21":0,"22":0,"23":0,"24":0,"25":0,"26":0,"27":0,"28":0,"29":0,"30":0,"31":0,"32":0,"33":0,"34":0,"35":0,"36":0,"37":0,"38":0},"f":{"0":0,"1":0,"2":0,"3":0,"4":0,"5":0,"6":0,"7":0,"8":0},"b":{"0":[0,0]}}
,"C:\\Users\\LOREN\\Moviechallenge\\DEV010-movie-challenge-fw-Lo\\movie\\src\\services\\MovieApiRequests.js": {"path":"C:\\Users\\LOREN\\Moviechallenge\\DEV010-movie-challenge-fw-Lo\\movie\\src\\services\\MovieApiRequests.js","statementMap":{"0":{"start":{"line":3,"column":15},"end":{"line":3,"column":49}},"1":{"start":{"line":5,"column":27},"end":{"line":15,"column":1}},"2":{"start":{"line":6,"column":2},"end":{"line":14,"column":3}},"3":{"start":{"line":7,"column":21},"end":{"line":9,"column":5}},"4":{"start":{"line":10,"column":4},"end":{"line":10,"column":39}},"5":{"start":{"line":12,"column":4},"end":{"line":12,"column":51}},"6":{"start":{"line":13,"column":4},"end":{"line":13,"column":16}},"7":{"start":{"line":17,"column":20},"end":{"line":25,"column":1}},"8":{"start":{"line":18,"column":2},"end":{"line":24,"column":3}},"9":{"start":{"line":19,"column":21},"end":{"line":19,"column":103}},"10":{"start":{"line":20,"column":4},"end":{"line":20,"column":38}},"11":{"start":{"line":22,"column":4},"end":{"line":22,"column":51}},"12":{"start":{"line":23,"column":4},"end":{"line":23,"column":16}}},"fnMap":{"0":{"name":"(anonymous_0)","decl":{"start":{"line":5,"column":27},"end":{"line":5,"column":28}},"loc":{"start":{"line":5,"column":58},"end":{"line":15,"column":1}},"line":5},"1":{"name":"(anonymous_1)","decl":{"start":{"line":17,"column":20},"end":{"line":17,"column":21}},"loc":{"start":{"line":17,"column":32},"end":{"line":25,"column":1}},"line":17}},"branchMap":{"0":{"loc":{"start":{"line":10,"column":11},"end":{"line":10,"column":38}},"type":"binary-expr","locations":[{"start":{"line":10,"column":11},"end":{"line":10,"column":32}},{"start":{"line":10,"column":36},"end":{"line":10,"column":38}}],"line":10},"1":{"loc":{"start":{"line":20,"column":11},"end":{"line":20,"column":37}},"type":"binary-expr","locations":[{"start":{"line":20,"column":11},"end":{"line":20,"column":31}},{"start":{"line":20,"column":35},"end":{"line":20,"column":37}}],"line":20}},"s":{"0":1,"1":1,"2":0,"3":0,"4":0,"5":0,"6":0,"7":1,"8":0,"9":0,"10":0,"11":0,"12":0},"f":{"0":0,"1":0},"b":{"0":[0,0],"1":[0,0]},"_coverageSchema":"1a1c01bbd47fc00a2c39e90264f33305004495a9","hash":"4c3e509f5076aaa71fc3bc43b162072a5bdd4f9d"}
,"C:\\Users\\LOREN\\Moviechallenge\\DEV010-movie-challenge-fw-Lo\\movie\\src\\utils\\testUtils.js": {"path":"C:\\Users\\LOREN\\Moviechallenge\\DEV010-movie-challenge-fw-Lo\\movie\\src\\utils\\testUtils.js","statementMap":{"0":{"start":{"line":3,"column":25},"end":{"line":5,"column":1}},"1":{"start":{"line":4,"column":2},"end":{"line":4,"column":36}}},"fnMap":{"0":{"name":"(anonymous_0)","decl":{"start":{"line":3,"column":25},"end":{"line":3,"column":26}},"loc":{"start":{"line":3,"column":35},"end":{"line":5,"column":1}},"line":3}},"branchMap":{},"s":{"0":1,"1":1},"f":{"0":1},"b":{},"_coverageSchema":"1a1c01bbd47fc00a2c39e90264f33305004495a9","hash":"3faaf6df4d932290c6f4405ae3dddcbb8a112451"}
}
