{"C:\\Users\\LOREN\\Moviechallenge\\DEV010-movie-challenge-fw-Lo\\movie\\src\\App.jsx": {"path":"C:\\Users\\LOREN\\Moviechallenge\\DEV010-movie-challenge-fw-Lo\\movie\\src\\App.jsx","statementMap":{"0":{"start":{"line":14,"column":30},"end":{"line":14,"column":42}},"1":{"start":{"line":17,"column":40},"end":{"line":17,"column":51}},"2":{"start":{"line":20,"column":38},"end":{"line":20,"column":49}},"3":{"start":{"line":23,"column":44},"end":{"line":23,"column":58}},"4":{"start":{"line":24,"column":38},"end":{"line":24,"column":65}},"5":{"start":{"line":28,"column":20},"end":{"line":43,"column":3}},"6":{"start":{"line":31,"column":4},"end":{"line":42,"column":5}},"7":{"start":{"line":32,"column":19},"end":{"line":32,"column":79}},"8":{"start":{"line":36,"column":6},"end":{"line":36,"column":30}},"9":{"start":{"line":38,"column":6},"end":{"line":38,"column":37}},"10":{"start":{"line":41,"column":6},"end":{"line":41,"column":53}},"11":{"start":{"line":45,"column":27},"end":{"line":50,"column":3}},"12":{"start":{"line":48,"column":4},"end":{"line":48,"column":25}},"13":{"start":{"line":52,"column":28},"end":{"line":59,"column":3}},"14":{"start":{"line":55,"column":4},"end":{"line":55,"column":22}},"15":{"start":{"line":58,"column":4},"end":{"line":58,"column":30}},"16":{"start":{"line":61,"column":27},"end":{"line":66,"column":3}},"17":{"start":{"line":64,"column":4},"end":{"line":64,"column":30}},"18":{"start":{"line":68,"column":2},"end":{"line":72,"column":47}},"19":{"start":{"line":71,"column":4},"end":{"line":71,"column":54}},"20":{"start":{"line":75,"column":2},"end":{"line":93,"column":4}}},"fnMap":{"0":{"name":"App","decl":{"start":{"line":10,"column":9},"end":{"line":10,"column":12}},"loc":{"start":{"line":10,"column":15},"end":{"line":94,"column":1}},"line":10},"1":{"name":"(anonymous_1)","decl":{"start":{"line":28,"column":20},"end":{"line":28,"column":21}},"loc":{"start":{"line":28,"column":49},"end":{"line":43,"column":3}},"line":28},"2":{"name":"(anonymous_2)","decl":{"start":{"line":45,"column":27},"end":{"line":45,"column":28}},"loc":{"start":{"line":45,"column":37},"end":{"line":50,"column":3}},"line":45},"3":{"name":"(anonymous_3)","decl":{"start":{"line":52,"column":28},"end":{"line":52,"column":29}},"loc":{"start":{"line":52,"column":41},"end":{"line":59,"column":3}},"line":52},"4":{"name":"(anonymous_4)","decl":{"start":{"line":61,"column":27},"end":{"line":61,"column":28}},"loc":{"start":{"line":61,"column":43},"end":{"line":66,"column":3}},"line":61},"5":{"name":"(anonymous_5)","decl":{"start":{"line":68,"column":12},"end":{"line":68,"column":13}},"loc":{"start":{"line":68,"column":18},"end":{"line":72,"column":3}},"line":68}},"branchMap":{},"s":{"0":0,"1":0,"2":0,"3":0,"4":0,"5":0,"6":0,"7":0,"8":0,"9":0,"10":0,"11":0,"12":0,"13":0,"14":0,"15":0,"16":0,"17":0,"18":0,"19":0,"20":0},"f":{"0":0,"1":0,"2":0,"3":0,"4":0,"5":0},"b":{}}
,"C:\\Users\\LOREN\\Moviechallenge\\DEV010-movie-challenge-fw-Lo\\movie\\src\\main.jsx": {"path":"C:\\Users\\LOREN\\Moviechallenge\\DEV010-movie-challenge-fw-Lo\\movie\\src\\main.jsx","statementMap":{"0":{"start":{"line":6,"column":0},"end":{"line":10,"column":1}}},"fnMap":{},"branchMap":{},"s":{"0":0},"f":{},"b":{}}
,"C:\\Users\\LOREN\\Moviechallenge\\DEV010-movie-challenge-fw-Lo\\movie\\src\\components\\MovieCard\\MovieCard.jsx": {"path":"C:\\Users\\LOREN\\Moviechallenge\\DEV010-movie-challenge-fw-Lo\\movie\\src\\components\\MovieCard\\MovieCard.jsx","statementMap":{"0":{"start":{"line":7,"column":18},"end":{"line":25,"column":1}},"1":{"start":{"line":16,"column":2},"end":{"line":24,"column":4}},"2":{"start":{"line":27,"column":0},"end":{"line":35,"column":2}}},"fnMap":{"0":{"name":"(anonymous_0)","decl":{"start":{"line":7,"column":18},"end":{"line":7,"column":19}},"loc":{"start":{"line":7,"column":33},"end":{"line":25,"column":1}},"line":7}},"branchMap":{"0":{"loc":{"start":{"line":18,"column":7},"end":{"line":20,"column":7}},"type":"binary-expr","locations":[{"start":{"line":18,"column":7},"end":{"line":18,"column":24}},{"start":{"line":19,"column":8},"end":{"line":19,"column":93}}],"line":18}},"s":{"0":3,"1":5,"2":3},"f":{"0":5},"b":{"0":[5,5]},"_coverageSchema":"1a1c01bbd47fc00a2c39e90264f33305004495a9","hash":"c8fbbd65188c2ad1d16c4a94e3dcee1076c7f529"}
,"C:\\Users\\LOREN\\Moviechallenge\\DEV010-movie-challenge-fw-Lo\\movie\\src\\components\\MovieDetails\\MovieDetails.jsx": {"path":"C:\\Users\\LOREN\\Moviechallenge\\DEV010-movie-challenge-fw-Lo\\movie\\src\\components\\MovieDetails\\MovieDetails.jsx","statementMap":{"0":{"start":{"line":3,"column":21},"end":{"line":11,"column":1}},"1":{"start":{"line":4,"column":2},"end":{"line":10,"column":4}}},"fnMap":{"0":{"name":"(anonymous_0)","decl":{"start":{"line":3,"column":21},"end":{"line":3,"column":22}},"loc":{"start":{"line":3,"column":36},"end":{"line":11,"column":1}},"line":3}},"branchMap":{},"s":{"0":0,"1":0},"f":{"0":0},"b":{}}
,"C:\\Users\\LOREN\\Moviechallenge\\DEV010-movie-challenge-fw-Lo\\movie\\src\\components\\MovieGrid\\MovieGrid.jsx": {"path":"C:\\Users\\LOREN\\Moviechallenge\\DEV010-movie-challenge-fw-Lo\\movie\\src\\components\\MovieGrid\\MovieGrid.jsx","statementMap":{"0":{"start":{"line":6,"column":18},"end":{"line":20,"column":1}},"1":{"start":{"line":13,"column":2},"end":{"line":19,"column":4}},"2":{"start":{"line":16,"column":8},"end":{"line":16,"column":50}},"3":{"start":{"line":22,"column":0},"end":{"line":33,"column":2}}},"fnMap":{"0":{"name":"(anonymous_0)","decl":{"start":{"line":6,"column":18},"end":{"line":6,"column":19}},"loc":{"start":{"line":6,"column":34},"end":{"line":20,"column":1}},"line":6},"1":{"name":"(anonymous_1)","decl":{"start":{"line":15,"column":18},"end":{"line":15,"column":19}},"loc":{"start":{"line":16,"column":8},"end":{"line":16,"column":50}},"line":16}},"branchMap":{},"s":{"0":2,"1":3,"2":4,"3":2},"f":{"0":3,"1":4},"b":{},"_coverageSchema":"1a1c01bbd47fc00a2c39e90264f33305004495a9","hash":"8e3291e5f10312ef1ce2fb3dcb0fabb87971e669"}
,"C:\\Users\\LOREN\\Moviechallenge\\DEV010-movie-challenge-fw-Lo\\movie\\src\\components\\MovieList\\MovieList.jsx": {"path":"C:\\Users\\LOREN\\Moviechallenge\\DEV010-movie-challenge-fw-Lo\\movie\\src\\components\\MovieList\\MovieList.jsx","statementMap":{"0":{"start":{"line":5,"column":18},"end":{"line":28,"column":1}},"1":{"start":{"line":6,"column":30},"end":{"line":6,"column":42}},"2":{"start":{"line":8,"column":2},"end":{"line":21,"column":9}},"3":{"start":{"line":9,"column":24},"end":{"line":18,"column":5}},"4":{"start":{"line":10,"column":6},"end":{"line":17,"column":7}},"5":{"start":{"line":12,"column":27},"end":{"line":12,"column":63}},"6":{"start":{"line":13,"column":8},"end":{"line":13,"column":44}},"7":{"start":{"line":15,"column":8},"end":{"line":15,"column":55}},"8":{"start":{"line":16,"column":8},"end":{"line":16,"column":22}},"9":{"start":{"line":20,"column":4},"end":{"line":20,"column":18}},"10":{"start":{"line":23,"column":2},"end":{"line":27,"column":4}}},"fnMap":{"0":{"name":"(anonymous_0)","decl":{"start":{"line":5,"column":18},"end":{"line":5,"column":19}},"loc":{"start":{"line":5,"column":24},"end":{"line":28,"column":1}},"line":5},"1":{"name":"(anonymous_1)","decl":{"start":{"line":8,"column":12},"end":{"line":8,"column":13}},"loc":{"start":{"line":8,"column":18},"end":{"line":21,"column":3}},"line":8},"2":{"name":"(anonymous_2)","decl":{"start":{"line":9,"column":24},"end":{"line":9,"column":25}},"loc":{"start":{"line":9,"column":36},"end":{"line":18,"column":5}},"line":9}},"branchMap":{"0":{"loc":{"start":{"line":13,"column":18},"end":{"line":13,"column":42}},"type":"binary-expr","locations":[{"start":{"line":13,"column":18},"end":{"line":13,"column":36}},{"start":{"line":13,"column":40},"end":{"line":13,"column":42}}],"line":13}},"s":{"0":1,"1":3,"2":2,"3":1,"4":1,"5":1,"6":1,"7":0,"8":0,"9":1,"10":2},"f":{"0":3,"1":1,"2":1},"b":{"0":[1,0]},"_coverageSchema":"1a1c01bbd47fc00a2c39e90264f33305004495a9","hash":"c2d922e59bb425383c978f7da50b9be2e2723030"}
,"C:\\Users\\LOREN\\Moviechallenge\\DEV010-movie-challenge-fw-Lo\\movie\\src\\components\\MoviePages\\Pagination.jsx": {"path":"C:\\Users\\LOREN\\Moviechallenge\\DEV010-movie-challenge-fw-Lo\\movie\\src\\components\\MoviePages\\Pagination.jsx","statementMap":{"0":{"start":{"line":6,"column":19},"end":{"line":62,"column":1}},"1":{"start":{"line":7,"column":26},"end":{"line":7,"column":28}},"2":{"start":{"line":10,"column":27},"end":{"line":10,"column":58}},"3":{"start":{"line":15,"column":20},"end":{"line":15,"column":63}},"4":{"start":{"line":16,"column":18},"end":{"line":16,"column":71}},"5":{"start":{"line":20,"column":22},"end":{"line":20,"column":102}},"6":{"start":{"line":20,"column":84},"end":{"line":20,"column":101}},"7":{"start":{"line":26,"column":2},"end":{"line":61,"column":4}},"8":{"start":{"line":44,"column":29},"end":{"line":44,"column":44}},"9":{"start":{"line":47,"column":29},"end":{"line":47,"column":58}},"10":{"start":{"line":52,"column":8},"end":{"line":54,"column":17}},"11":{"start":{"line":52,"column":44},"end":{"line":52,"column":64}},"12":{"start":{"line":57,"column":29},"end":{"line":57,"column":58}},"13":{"start":{"line":66,"column":0},"end":{"line":73,"column":2}}},"fnMap":{"0":{"name":"(anonymous_0)","decl":{"start":{"line":6,"column":19},"end":{"line":6,"column":20}},"loc":{"start":{"line":6,"column":66},"end":{"line":62,"column":1}},"line":6},"1":{"name":"(anonymous_1)","decl":{"start":{"line":20,"column":70},"end":{"line":20,"column":71}},"loc":{"start":{"line":20,"column":84},"end":{"line":20,"column":101}},"line":20},"2":{"name":"(anonymous_2)","decl":{"start":{"line":44,"column":23},"end":{"line":44,"column":24}},"loc":{"start":{"line":44,"column":29},"end":{"line":44,"column":44}},"line":44},"3":{"name":"(anonymous_3)","decl":{"start":{"line":47,"column":23},"end":{"line":47,"column":24}},"loc":{"start":{"line":47,"column":29},"end":{"line":47,"column":58}},"line":47},"4":{"name":"(anonymous_4)","decl":{"start":{"line":51,"column":23},"end":{"line":51,"column":24}},"loc":{"start":{"line":52,"column":8},"end":{"line":54,"column":17}},"line":52},"5":{"name":"(anonymous_5)","decl":{"start":{"line":52,"column":38},"end":{"line":52,"column":39}},"loc":{"start":{"line":52,"column":44},"end":{"line":52,"column":64}},"line":52},"6":{"name":"(anonymous_6)","decl":{"start":{"line":57,"column":23},"end":{"line":57,"column":24}},"loc":{"start":{"line":57,"column":29},"end":{"line":57,"column":58}},"line":57}},"branchMap":{},"s":{"0":1,"1":2,"2":2,"3":2,"4":2,"5":2,"6":20,"7":2,"8":0,"9":0,"10":20,"11":0,"12":1,"13":1},"f":{"0":2,"1":20,"2":0,"3":0,"4":20,"5":0,"6":1},"b":{},"_coverageSchema":"1a1c01bbd47fc00a2c39e90264f33305004495a9","hash":"2ae54f19598ee275cb4ba77e37d17263ddbf82c7"}
,"C:\\Users\\LOREN\\Moviechallenge\\DEV010-movie-challenge-fw-Lo\\movie\\src\\components\\MovieSearch\\MovieSearch.jsx": {"path":"C:\\Users\\LOREN\\Moviechallenge\\DEV010-movie-challenge-fw-Lo\\movie\\src\\components\\MovieSearch\\MovieSearch.jsx","statementMap":{"0":{"start":{"line":10,"column":20},"end":{"line":165,"column":1}},"1":{"start":{"line":11,"column":44},"end":{"line":11,"column":56}},"2":{"start":{"line":15,"column":42},"end":{"line":15,"column":69}},"3":{"start":{"line":18,"column":30},"end":{"line":18,"column":42}},"4":{"start":{"line":29,"column":2},"end":{"line":68,"column":34}},"5":{"start":{"line":34,"column":22},"end":{"line":65,"column":5}},"6":{"start":{"line":37,"column":6},"end":{"line":64,"column":7}},"7":{"start":{"line":38,"column":29},"end":{"line":38,"column":65}},"8":{"start":{"line":44,"column":26},"end":{"line":44,"column":69}},"9":{"start":{"line":45,"column":8},"end":{"line":45,"column":29}},"10":{"start":{"line":48,"column":8},"end":{"line":61,"column":9}},"11":{"start":{"line":51,"column":10},"end":{"line":51,"column":55}},"12":{"start":{"line":54,"column":29},"end":{"line":54,"column":114}},"13":{"start":{"line":55,"column":10},"end":{"line":55,"column":45}},"14":{"start":{"line":63,"column":8},"end":{"line":63,"column":53}},"15":{"start":{"line":67,"column":4},"end":{"line":67,"column":16}},"16":{"start":{"line":73,"column":28},"end":{"line":98,"column":3}},"17":{"start":{"line":74,"column":4},"end":{"line":97,"column":5}},"18":{"start":{"line":76,"column":25},"end":{"line":76,"column":102}},"19":{"start":{"line":78,"column":6},"end":{"line":78,"column":41}},"20":{"start":{"line":81,"column":6},"end":{"line":81,"column":41}},"21":{"start":{"line":85,"column":6},"end":{"line":85,"column":32}},"22":{"start":{"line":88,"column":6},"end":{"line":94,"column":7}},"23":{"start":{"line":89,"column":8},"end":{"line":89,"column":31}},"24":{"start":{"line":96,"column":6},"end":{"line":96,"column":53}},"25":{"start":{"line":100,"column":27},"end":{"line":119,"column":3}},"26":{"start":{"line":103,"column":4},"end":{"line":118,"column":5}},"27":{"start":{"line":104,"column":25},"end":{"line":104,"column":106}},"28":{"start":{"line":108,"column":6},"end":{"line":108,"column":41}},"29":{"start":{"line":110,"column":6},"end":{"line":110,"column":34}},"30":{"start":{"line":112,"column":6},"end":{"line":112,"column":31}},"31":{"start":{"line":117,"column":6},"end":{"line":117,"column":53}},"32":{"start":{"line":121,"column":29},"end":{"line":135,"column":3}},"33":{"start":{"line":123,"column":4},"end":{"line":134,"column":5}},"34":{"start":{"line":127,"column":25},"end":{"line":127,"column":97}},"35":{"start":{"line":128,"column":6},"end":{"line":128,"column":41}},"36":{"start":{"line":131,"column":6},"end":{"line":131,"column":27}},"37":{"start":{"line":133,"column":6},"end":{"line":133,"column":53}},"38":{"start":{"line":138,"column":2},"end":{"line":164,"column":4}},"39":{"start":{"line":141,"column":53},"end":{"line":141,"column":86}},"40":{"start":{"line":145,"column":10},"end":{"line":147,"column":19}},"41":{"start":{"line":154,"column":52},"end":{"line":154,"column":84}},"42":{"start":{"line":168,"column":0},"end":{"line":179,"column":2}}},"fnMap":{"0":{"name":"(anonymous_0)","decl":{"start":{"line":10,"column":20},"end":{"line":10,"column":21}},"loc":{"start":{"line":10,"column":86},"end":{"line":165,"column":1}},"line":10},"1":{"name":"(anonymous_1)","decl":{"start":{"line":29,"column":12},"end":{"line":29,"column":13}},"loc":{"start":{"line":29,"column":18},"end":{"line":68,"column":3}},"line":29},"2":{"name":"(anonymous_2)","decl":{"start":{"line":34,"column":22},"end":{"line":34,"column":23}},"loc":{"start":{"line":34,"column":34},"end":{"line":65,"column":5}},"line":34},"3":{"name":"(anonymous_3)","decl":{"start":{"line":73,"column":28},"end":{"line":73,"column":29}},"loc":{"start":{"line":73,"column":47},"end":{"line":98,"column":3}},"line":73},"4":{"name":"(anonymous_4)","decl":{"start":{"line":100,"column":27},"end":{"line":100,"column":28}},"loc":{"start":{"line":100,"column":49},"end":{"line":119,"column":3}},"line":100},"5":{"name":"(anonymous_5)","decl":{"start":{"line":121,"column":29},"end":{"line":121,"column":30}},"loc":{"start":{"line":121,"column":41},"end":{"line":135,"column":3}},"line":121},"6":{"name":"(anonymous_6)","decl":{"start":{"line":141,"column":46},"end":{"line":141,"column":47}},"loc":{"start":{"line":141,"column":53},"end":{"line":141,"column":86}},"line":141},"7":{"name":"(anonymous_7)","decl":{"start":{"line":142,"column":20},"end":{"line":142,"column":21}},"loc":{"start":{"line":145,"column":10},"end":{"line":147,"column":19}},"line":145},"8":{"name":"(anonymous_8)","decl":{"start":{"line":154,"column":45},"end":{"line":154,"column":46}},"loc":{"start":{"line":154,"column":52},"end":{"line":154,"column":84}},"line":154}},"branchMap":{"0":{"loc":{"start":{"line":48,"column":8},"end":{"line":61,"column":9}},"type":"if","locations":[{"start":{"line":48,"column":8},"end":{"line":61,"column":9}},{"start":{},"end":{}}],"line":48},"1":{"loc":{"start":{"line":88,"column":6},"end":{"line":94,"column":7}},"type":"if","locations":[{"start":{"line":88,"column":6},"end":{"line":94,"column":7}},{"start":{},"end":{}}],"line":88}},"s":{"0":1,"1":0,"2":0,"3":0,"4":0,"5":0,"6":0,"7":0,"8":0,"9":0,"10":0,"11":0,"12":0,"13":0,"14":0,"15":0,"16":0,"17":0,"18":0,"19":0,"20":0,"21":0,"22":0,"23":0,"24":0,"25":0,"26":0,"27":0,"28":0,"29":0,"30":0,"31":0,"32":0,"33":0,"34":0,"35":0,"36":0,"37":0,"38":0,"39":0,"40":0,"41":0,"42":1},"f":{"0":0,"1":0,"2":0,"3":0,"4":0,"5":0,"6":0,"7":0,"8":0},"b":{"0":[0,0],"1":[0,0]},"_coverageSchema":"1a1c01bbd47fc00a2c39e90264f33305004495a9","hash":"8f7d8cdf78f6deed09a2f2c7f049ddaf6bc518f9"}
,"C:\\Users\\LOREN\\Moviechallenge\\DEV010-movie-challenge-fw-Lo\\movie\\src\\services\\MovieApiRequests.js": {"path":"C:\\Users\\LOREN\\Moviechallenge\\DEV010-movie-challenge-fw-Lo\\movie\\src\\services\\MovieApiRequests.js","statementMap":{"0":{"start":{"line":3,"column":15},"end":{"line":3,"column":49}},"1":{"start":{"line":8,"column":27},"end":{"line":27,"column":1}},"2":{"start":{"line":9,"column":2},"end":{"line":26,"column":3}},"3":{"start":{"line":10,"column":21},"end":{"line":12,"column":5}},"4":{"start":{"line":16,"column":4},"end":{"line":22,"column":6}},"5":{"start":{"line":24,"column":4},"end":{"line":24,"column":51}},"6":{"start":{"line":25,"column":4},"end":{"line":25,"column":16}},"7":{"start":{"line":30,"column":20},"end":{"line":38,"column":1}},"8":{"start":{"line":31,"column":2},"end":{"line":37,"column":3}},"9":{"start":{"line":32,"column":21},"end":{"line":32,"column":103}},"10":{"start":{"line":33,"column":4},"end":{"line":33,"column":38}},"11":{"start":{"line":35,"column":4},"end":{"line":35,"column":51}},"12":{"start":{"line":36,"column":4},"end":{"line":36,"column":16}}},"fnMap":{"0":{"name":"(anonymous_0)","decl":{"start":{"line":8,"column":27},"end":{"line":8,"column":28}},"loc":{"start":{"line":8,"column":64},"end":{"line":27,"column":1}},"line":8},"1":{"name":"(anonymous_1)","decl":{"start":{"line":30,"column":20},"end":{"line":30,"column":21}},"loc":{"start":{"line":30,"column":32},"end":{"line":38,"column":1}},"line":30}},"branchMap":{"0":{"loc":{"start":{"line":20,"column":15},"end":{"line":20,"column":42}},"type":"binary-expr","locations":[{"start":{"line":20,"column":15},"end":{"line":20,"column":36}},{"start":{"line":20,"column":40},"end":{"line":20,"column":42}}],"line":20},"1":{"loc":{"start":{"line":21,"column":18},"end":{"line":21,"column":48}},"type":"binary-expr","locations":[{"start":{"line":21,"column":18},"end":{"line":21,"column":43}},{"start":{"line":21,"column":47},"end":{"line":21,"column":48}}],"line":21},"2":{"loc":{"start":{"line":33,"column":11},"end":{"line":33,"column":37}},"type":"binary-expr","locations":[{"start":{"line":33,"column":11},"end":{"line":33,"column":31}},{"start":{"line":33,"column":35},"end":{"line":33,"column":37}}],"line":33}},"s":{"0":1,"1":1,"2":0,"3":0,"4":0,"5":0,"6":0,"7":1,"8":0,"9":0,"10":0,"11":0,"12":0},"f":{"0":0,"1":0},"b":{"0":[0,0],"1":[0,0],"2":[0,0]},"_coverageSchema":"1a1c01bbd47fc00a2c39e90264f33305004495a9","hash":"8209e9d41be612fa1c97b8c2391d6024bcb7374d"}
,"C:\\Users\\LOREN\\Moviechallenge\\DEV010-movie-challenge-fw-Lo\\movie\\src\\utils\\testUtils.js": {"path":"C:\\Users\\LOREN\\Moviechallenge\\DEV010-movie-challenge-fw-Lo\\movie\\src\\utils\\testUtils.js","statementMap":{"0":{"start":{"line":3,"column":25},"end":{"line":5,"column":1}},"1":{"start":{"line":4,"column":2},"end":{"line":4,"column":36}}},"fnMap":{"0":{"name":"(anonymous_0)","decl":{"start":{"line":3,"column":25},"end":{"line":3,"column":26}},"loc":{"start":{"line":3,"column":35},"end":{"line":5,"column":1}},"line":3}},"branchMap":{},"s":{"0":0,"1":0},"f":{"0":0},"b":{}}
}
